{"/home/manezeu/Microverse-projects/To-Do-List-2.0/src/complete.js": {"path":"/home/manezeu/Microverse-projects/To-Do-List-2.0/src/complete.js","statementMap":{"0":{"start":{"line":1,"column":20},"end":{"line":7,"column":1}},"1":{"start":{"line":2,"column":2},"end":{"line":6,"column":3}},"2":{"start":{"line":3,"column":4},"end":{"line":3,"column":27}},"3":{"start":{"line":5,"column":4},"end":{"line":5,"column":26}}},"fnMap":{"0":{"name":"(anonymous_0)","decl":{"start":{"line":1,"column":20},"end":{"line":1,"column":21}},"loc":{"start":{"line":1,"column":30},"end":{"line":7,"column":1}},"line":1}},"branchMap":{"0":{"loc":{"start":{"line":2,"column":2},"end":{"line":6,"column":3}},"type":"if","locations":[{"start":{"line":2,"column":2},"end":{"line":6,"column":3}},{"start":{"line":4,"column":9},"end":{"line":6,"column":3}}],"line":2}},"s":{"0":1,"1":0,"2":0,"3":0},"f":{"0":0},"b":{"0":[0,0]},"_coverageSchema":"1a1c01bbd47fc00a2c39e90264f33305004495a9","hash":"227f4455d5efd1745c3a4f23b583f7a71b6572dd"}
,"/home/manezeu/Microverse-projects/To-Do-List-2.0/src/listClass.js": {"path":"/home/manezeu/Microverse-projects/To-Do-List-2.0/src/listClass.js","statementMap":{"0":{"start":{"line":9,"column":4},"end":{"line":9,"column":27}},"1":{"start":{"line":10,"column":4},"end":{"line":10,"column":27}},"2":{"start":{"line":11,"column":4},"end":{"line":11,"column":19}},"3":{"start":{"line":17,"column":4},"end":{"line":17,"column":20}},"4":{"start":{"line":21,"column":22},"end":{"line":21,"column":38}},"5":{"start":{"line":22,"column":4},"end":{"line":22,"column":54}},"6":{"start":{"line":22,"column":25},"end":{"line":22,"column":52}},"7":{"start":{"line":23,"column":4},"end":{"line":23,"column":44}},"8":{"start":{"line":24,"column":4},"end":{"line":24,"column":31}},"9":{"start":{"line":28,"column":22},"end":{"line":28,"column":38}},"10":{"start":{"line":29,"column":4},"end":{"line":29,"column":40}},"11":{"start":{"line":30,"column":4},"end":{"line":30,"column":34}},"12":{"start":{"line":34,"column":4},"end":{"line":34,"column":25}},"13":{"start":{"line":38,"column":4},"end":{"line":38,"column":21}},"14":{"start":{"line":42,"column":4},"end":{"line":42,"column":32}},"15":{"start":{"line":43,"column":4},"end":{"line":45,"column":5}},"16":{"start":{"line":43,"column":17},"end":{"line":43,"column":18}},"17":{"start":{"line":44,"column":6},"end":{"line":44,"column":34}},"18":{"start":{"line":49,"column":4},"end":{"line":54,"column":5}},"19":{"start":{"line":49,"column":17},"end":{"line":49,"column":18}},"20":{"start":{"line":50,"column":6},"end":{"line":53,"column":7}},"21":{"start":{"line":51,"column":8},"end":{"line":51,"column":25}},"22":{"start":{"line":52,"column":8},"end":{"line":52,"column":14}},"23":{"start":{"line":58,"column":14},"end":{"line":58,"column":16}},"24":{"start":{"line":59,"column":4},"end":{"line":64,"column":5}},"25":{"start":{"line":59,"column":17},"end":{"line":59,"column":18}},"26":{"start":{"line":60,"column":6},"end":{"line":63,"column":7}},"27":{"start":{"line":61,"column":8},"end":{"line":61,"column":28}},"28":{"start":{"line":62,"column":8},"end":{"line":62,"column":14}},"29":{"start":{"line":65,"column":4},"end":{"line":65,"column":15}},"30":{"start":{"line":69,"column":4},"end":{"line":73,"column":5}},"31":{"start":{"line":69,"column":17},"end":{"line":69,"column":18}},"32":{"start":{"line":70,"column":6},"end":{"line":72,"column":7}},"33":{"start":{"line":71,"column":8},"end":{"line":71,"column":35}},"34":{"start":{"line":77,"column":16},"end":{"line":77,"column":18}},"35":{"start":{"line":78,"column":4},"end":{"line":80,"column":5}},"36":{"start":{"line":78,"column":17},"end":{"line":78,"column":18}},"37":{"start":{"line":79,"column":6},"end":{"line":79,"column":30}},"38":{"start":{"line":81,"column":4},"end":{"line":81,"column":15}},"39":{"start":{"line":85,"column":4},"end":{"line":85,"column":20}},"40":{"start":{"line":89,"column":19},"end":{"line":89,"column":74}},"41":{"start":{"line":89,"column":48},"end":{"line":89,"column":73}},"42":{"start":{"line":90,"column":4},"end":{"line":90,"column":24}},"43":{"start":{"line":94,"column":4},"end":{"line":99,"column":5}},"44":{"start":{"line":94,"column":17},"end":{"line":94,"column":18}},"45":{"start":{"line":95,"column":6},"end":{"line":98,"column":7}},"46":{"start":{"line":96,"column":8},"end":{"line":96,"column":44}},"47":{"start":{"line":97,"column":8},"end":{"line":97,"column":14}}},"fnMap":{"0":{"name":"(anonymous_0)","decl":{"start":{"line":8,"column":2},"end":{"line":8,"column":3}},"loc":{"start":{"line":8,"column":19},"end":{"line":12,"column":3}},"line":8},"1":{"name":"(anonymous_1)","decl":{"start":{"line":16,"column":2},"end":{"line":16,"column":3}},"loc":{"start":{"line":16,"column":16},"end":{"line":18,"column":3}},"line":16},"2":{"name":"(anonymous_2)","decl":{"start":{"line":20,"column":2},"end":{"line":20,"column":3}},"loc":{"start":{"line":20,"column":22},"end":{"line":25,"column":3}},"line":20},"3":{"name":"(anonymous_3)","decl":{"start":{"line":27,"column":2},"end":{"line":27,"column":3}},"loc":{"start":{"line":27,"column":18},"end":{"line":31,"column":3}},"line":27},"4":{"name":"(anonymous_4)","decl":{"start":{"line":33,"column":2},"end":{"line":33,"column":3}},"loc":{"start":{"line":33,"column":20},"end":{"line":35,"column":3}},"line":33},"5":{"name":"(anonymous_5)","decl":{"start":{"line":37,"column":2},"end":{"line":37,"column":3}},"loc":{"start":{"line":37,"column":19},"end":{"line":39,"column":3}},"line":37},"6":{"name":"(anonymous_6)","decl":{"start":{"line":41,"column":2},"end":{"line":41,"column":3}},"loc":{"start":{"line":41,"column":18},"end":{"line":46,"column":3}},"line":41},"7":{"name":"(anonymous_7)","decl":{"start":{"line":48,"column":2},"end":{"line":48,"column":3}},"loc":{"start":{"line":48,"column":19},"end":{"line":55,"column":3}},"line":48},"8":{"name":"(anonymous_8)","decl":{"start":{"line":57,"column":2},"end":{"line":57,"column":3}},"loc":{"start":{"line":57,"column":17},"end":{"line":66,"column":3}},"line":57},"9":{"name":"(anonymous_9)","decl":{"start":{"line":68,"column":2},"end":{"line":68,"column":3}},"loc":{"start":{"line":68,"column":22},"end":{"line":74,"column":3}},"line":68},"10":{"name":"(anonymous_10)","decl":{"start":{"line":76,"column":2},"end":{"line":76,"column":3}},"loc":{"start":{"line":76,"column":13},"end":{"line":82,"column":3}},"line":76},"11":{"name":"(anonymous_11)","decl":{"start":{"line":84,"column":2},"end":{"line":84,"column":3}},"loc":{"start":{"line":84,"column":10},"end":{"line":86,"column":3}},"line":84},"12":{"name":"(anonymous_12)","decl":{"start":{"line":88,"column":2},"end":{"line":88,"column":3}},"loc":{"start":{"line":88,"column":19},"end":{"line":91,"column":3}},"line":88},"13":{"name":"(anonymous_13)","decl":{"start":{"line":89,"column":37},"end":{"line":89,"column":38}},"loc":{"start":{"line":89,"column":48},"end":{"line":89,"column":73}},"line":89},"14":{"name":"(anonymous_14)","decl":{"start":{"line":93,"column":2},"end":{"line":93,"column":3}},"loc":{"start":{"line":93,"column":38},"end":{"line":100,"column":3}},"line":93}},"branchMap":{"0":{"loc":{"start":{"line":22,"column":4},"end":{"line":22,"column":54}},"type":"if","locations":[{"start":{"line":22,"column":4},"end":{"line":22,"column":54}},{"start":{},"end":{}}],"line":22},"1":{"loc":{"start":{"line":50,"column":6},"end":{"line":53,"column":7}},"type":"if","locations":[{"start":{"line":50,"column":6},"end":{"line":53,"column":7}},{"start":{},"end":{}}],"line":50},"2":{"loc":{"start":{"line":60,"column":6},"end":{"line":63,"column":7}},"type":"if","locations":[{"start":{"line":60,"column":6},"end":{"line":63,"column":7}},{"start":{},"end":{}}],"line":60},"3":{"loc":{"start":{"line":70,"column":6},"end":{"line":72,"column":7}},"type":"if","locations":[{"start":{"line":70,"column":6},"end":{"line":72,"column":7}},{"start":{},"end":{}}],"line":70},"4":{"loc":{"start":{"line":95,"column":6},"end":{"line":98,"column":7}},"type":"if","locations":[{"start":{"line":95,"column":6},"end":{"line":98,"column":7}},{"start":{},"end":{}}],"line":95}},"s":{"0":5,"1":5,"2":5,"3":2,"4":5,"5":5,"6":1,"7":5,"8":5,"9":0,"10":0,"11":0,"12":0,"13":0,"14":2,"15":2,"16":2,"17":1,"18":0,"19":0,"20":0,"21":0,"22":0,"23":1,"24":1,"25":1,"26":3,"27":1,"28":1,"29":1,"30":0,"31":0,"32":0,"33":0,"34":0,"35":0,"36":0,"37":0,"38":0,"39":0,"40":0,"41":0,"42":0,"43":0,"44":0,"45":0,"46":0,"47":0},"f":{"0":5,"1":2,"2":5,"3":0,"4":0,"5":0,"6":2,"7":0,"8":1,"9":0,"10":0,"11":0,"12":0,"13":0,"14":0},"b":{"0":[1,4],"1":[0,0],"2":[1,2],"3":[0,0],"4":[0,0]},"_coverageSchema":"1a1c01bbd47fc00a2c39e90264f33305004495a9","hash":"f01c682de4bd7213a52d5d0b8d0322bc49edcd6d"}
}
