TN:
SF:src\complete.js
FN:1,(anonymous_0)
FNF:1
FNH:0
FNDA:0,(anonymous_0)
DA:1,1
DA:2,0
DA:3,0
DA:5,0
LF:4
LH:1
BRDA:2,0,0,0
BRDA:2,0,1,0
BRF:2
BRH:0
end_of_record
TN:
SF:src\listClass.js
FN:8,(anonymous_0)
FN:16,(anonymous_1)
FN:20,(anonymous_2)
FN:27,(anonymous_3)
FN:33,(anonymous_4)
FN:37,(anonymous_5)
FN:41,(anonymous_6)
FN:48,(anonymous_7)
FN:57,(anonymous_8)
FN:68,(anonymous_9)
FN:76,(anonymous_10)
FN:84,(anonymous_11)
FN:88,(anonymous_12)
FN:89,(anonymous_13)
FN:93,(anonymous_14)
FNF:15
FNH:5
FNDA:3,(anonymous_0)
FNDA:1,(anonymous_1)
FNDA:3,(anonymous_2)
FNDA:0,(anonymous_3)
FNDA:0,(anonymous_4)
FNDA:0,(anonymous_5)
FNDA:1,(anonymous_6)
FNDA:0,(anonymous_7)
FNDA:1,(anonymous_8)
FNDA:0,(anonymous_9)
FNDA:0,(anonymous_10)
FNDA:0,(anonymous_11)
FNDA:0,(anonymous_12)
FNDA:0,(anonymous_13)
FNDA:0,(anonymous_14)
DA:9,3
DA:10,3
DA:11,3
DA:17,1
DA:21,3
DA:22,3
DA:23,3
DA:24,3
DA:28,0
DA:29,0
DA:30,0
DA:34,0
DA:38,0
DA:42,1
DA:43,1
DA:44,2
DA:49,0
DA:50,0
DA:51,0
DA:52,0
DA:58,1
DA:59,1
DA:60,2
DA:61,1
DA:62,1
DA:65,1
DA:69,0
DA:70,0
DA:71,0
DA:77,0
DA:78,0
DA:79,0
DA:81,0
DA:85,0
DA:89,0
DA:90,0
DA:94,0
DA:95,0
DA:96,0
DA:97,0
LF:40
LH:17
BRDA:22,0,0,2
BRDA:22,0,1,1
BRDA:50,1,0,0
BRDA:50,1,1,0
BRDA:60,2,0,1
BRDA:60,2,1,1
BRDA:70,3,0,0
BRDA:70,3,1,0
BRDA:95,4,0,0
BRDA:95,4,1,0
BRF:10
BRH:4
end_of_record
